

============================== 2021-12-14 12:48:08.280573 | 7778209d-3366-4587-b7fb-54f93bb8b859 ==============================
12:48:08.280573 [info ] [MainThread]: Running with dbt=1.0.0
12:48:08.281032 [debug] [MainThread]: running dbt with arguments Namespace(cls=<class 'dbt.task.init.InitTask'>, debug=None, defer=None, event_buffer_size=None, fail_fast=None, log_cache_events=False, log_format=None, partial_parse=None, printer_width=None, profile=None, profiles_dir='/root/.dbt', project_dir=None, project_name='demo_dbt', record_timing_info=None, rpc_method=None, send_anonymous_usage_stats=None, single_threaded=False, skip_profile_setup=False, state=None, static_parser=None, target=None, use_colors=None, use_experimental_parser=None, vars='{}', version_check=None, warn_error=None, which='init', write_json=None)
12:48:08.281206 [debug] [MainThread]: Tracking: tracking
12:48:08.295967 [debug] [MainThread]: Sending event: {'category': 'dbt', 'action': 'invocation', 'label': 'start', 'context': [<snowplow_tracker.self_describing_json.SelfDescribingJson object at 0x7fecc6cd8040>, <snowplow_tracker.self_describing_json.SelfDescribingJson object at 0x7fecc6cd8130>, <snowplow_tracker.self_describing_json.SelfDescribingJson object at 0x7fecc6cd8190>]}
12:48:08.296484 [info ] [MainThread]: Creating dbt configuration folder at /root/.dbt
12:48:08.296976 [debug] [MainThread]: Starter project path: /usr/local/lib/python3.8/dist-packages/dbt/include/starter_project
12:48:14.616456 [info ] [MainThread]: No sample profile found for clickhouse.
12:48:14.616791 [info ] [MainThread]: 
Your new dbt project "demo_dbt" was created!

For more information on how to configure the profiles.yml file,
please consult the dbt documentation here:

  https://docs.getdbt.com/docs/configure-your-profile

One more thing:

Need help? Don't hesitate to reach out to us via GitHub issues or on Slack:

  https://community.getdbt.com/

Happy modeling!

12:48:14.617137 [debug] [MainThread]: Sending event: {'category': 'dbt', 'action': 'invocation', 'label': 'end', 'context': [<snowplow_tracker.self_describing_json.SelfDescribingJson object at 0x7fecc6ccbeb0>, <snowplow_tracker.self_describing_json.SelfDescribingJson object at 0x7fecc6ccbdf0>, <snowplow_tracker.self_describing_json.SelfDescribingJson object at 0x7fecc6ccbd90>]}


============================== 2021-12-14 13:24:57.644272 | b6553888-125c-404f-8b04-9af3a939a0e1 ==============================
13:24:57.644272 [info ] [MainThread]: Running with dbt=1.0.0
13:24:57.644568 [debug] [MainThread]: running dbt with arguments Namespace(cls=<class 'dbt.task.debug.DebugTask'>, config_dir=False, debug=None, defer=None, event_buffer_size=None, fail_fast=None, log_cache_events=False, log_format=None, partial_parse=None, printer_width=None, profile=None, profiles_dir='/root/.dbt', project_dir=None, record_timing_info=None, rpc_method=None, send_anonymous_usage_stats=None, single_threaded=False, state=None, static_parser=None, target=None, use_colors=None, use_experimental_parser=None, vars='{}', version_check=None, warn_error=None, which='debug', write_json=None)
13:24:57.644710 [debug] [MainThread]: Tracking: tracking
13:24:57.657511 [debug] [MainThread]: Sending event: {'category': 'dbt', 'action': 'invocation', 'label': 'start', 'context': [<snowplow_tracker.self_describing_json.SelfDescribingJson object at 0x7f726ce5ac70>, <snowplow_tracker.self_describing_json.SelfDescribingJson object at 0x7f726ce5abe0>, <snowplow_tracker.self_describing_json.SelfDescribingJson object at 0x7f726ce5aac0>]}
13:24:57.831192 [debug] [MainThread]: Executing "git --help"
13:24:57.836654 [debug] [MainThread]: STDOUT: "b"usage: git [--version] [--help] [-C <path>] [-c <name>=<value>]\n           [--exec-path[=<path>]] [--html-path] [--man-path] [--info-path]\n           [-p | --paginate | -P | --no-pager] [--no-replace-objects] [--bare]\n           [--git-dir=<path>] [--work-tree=<path>] [--namespace=<name>]\n           <command> [<args>]\n\nThese are common Git commands used in various situations:\n\nstart a working area (see also: git help tutorial)\n   clone             Clone a repository into a new directory\n   init              Create an empty Git repository or reinitialize an existing one\n\nwork on the current change (see also: git help everyday)\n   add               Add file contents to the index\n   mv                Move or rename a file, a directory, or a symlink\n   restore           Restore working tree files\n   rm                Remove files from the working tree and from the index\n   sparse-checkout   Initialize and modify the sparse-checkout\n\nexamine the history and state (see also: git help revisions)\n   bisect            Use binary search to find the commit that introduced a bug\n   diff              Show changes between commits, commit and working tree, etc\n   grep              Print lines matching a pattern\n   log               Show commit logs\n   show              Show various types of objects\n   status            Show the working tree status\n\ngrow, mark and tweak your common history\n   branch            List, create, or delete branches\n   commit            Record changes to the repository\n   merge             Join two or more development histories together\n   rebase            Reapply commits on top of another base tip\n   reset             Reset current HEAD to the specified state\n   switch            Switch branches\n   tag               Create, list, delete or verify a tag object signed with GPG\n\ncollaborate (see also: git help workflows)\n   fetch             Download objects and refs from another repository\n   pull              Fetch from and integrate with another repository or a local branch\n   push              Update remote refs along with associated objects\n\n'git help -a' and 'git help -g' list available subcommands and some\nconcept guides. See 'git help <command>' or 'git help <concept>'\nto read about a specific subcommand or concept.\nSee 'git help git' for an overview of the system.\n""
13:24:57.836992 [debug] [MainThread]: STDERR: "b''"
13:24:57.837472 [debug] [MainThread]: Sending event: {'category': 'dbt', 'action': 'invocation', 'label': 'end', 'context': [<snowplow_tracker.self_describing_json.SelfDescribingJson object at 0x7f726a7effd0>, <snowplow_tracker.self_describing_json.SelfDescribingJson object at 0x7f726a7c5070>, <snowplow_tracker.self_describing_json.SelfDescribingJson object at 0x7f726a7c51f0>]}
